Experiment: dual
Logger directory: logs/dual
2023-10-26 16:43:26 ==> Namespace(folder='/kaggle/input/shapenet', json='final.json', b_tag='depth', log_dir='logs', exp='dual', batch_size=24, size=256, latent_dim=1024, gen_latent_dim=8, epoch=0, scheduler='step', gamma=0.8, n_epochs=10, decay_epoch=10, save_iter=1000, lr=2e-05, gpu=0, modelPath=None, pcn='weights/pcn_base/model.pth', generator='weights/bicycle1000/model.pth', base='weights/base/model.pth', test=False, testSave=False, resume=False, lambda_coarse=0.2, lambda_chamfer=2, lambda_pixel=10, lambda_latent=1.0, lambda_kl=0.01)
2023-10-26 16:43:26 ==> ------------------Epoch: 0------------------
2023-10-26 18:06:50 ==> Epoch 0 Train Loss: 25.029479438671842
2023-10-26 18:16:38 ==> Epoch 0 Val Loss: 84.895534546813 Learning Rate: 1.6000000000000003e-05
2023-10-26 18:16:38 ==> Epoch 0 Best Model Saved
2023-10-26 18:16:39 ==> Last Model saved (best loss 84.8955 at epoch 0)
2023-10-26 18:16:39 ==> ------------------Epoch: 1------------------
2023-10-26 19:27:23 ==> Epoch 1 Train Loss: 22.89495446078945
2023-10-26 19:34:40 ==> Epoch 1 Val Loss: 45.21038879174739 Learning Rate: 1.2800000000000003e-05
2023-10-26 19:34:41 ==> Epoch 1 Best Model Saved
2023-10-26 19:34:41 ==> Last Model saved (best loss 45.2104 at epoch 1)
2023-10-26 19:34:41 ==> ------------------Epoch: 2------------------
2023-10-26 20:40:20 ==> Epoch 2 Train Loss: 22.263148797792383
2023-10-26 20:47:45 ==> Epoch 2 Val Loss: 43.421895005740225 Learning Rate: 1.0240000000000004e-05
2023-10-26 20:47:46 ==> Epoch 2 Best Model Saved
2023-10-26 20:47:47 ==> Last Model saved (best loss 43.4219 at epoch 2)
2023-10-26 20:47:47 ==> ------------------Epoch: 3------------------
2023-10-26 21:52:52 ==> Epoch 3 Train Loss: 21.954895122908056
2023-10-26 22:00:04 ==> Epoch 3 Val Loss: 59.3097742239479 Learning Rate: 8.192000000000004e-06
2023-10-26 22:00:05 ==> Last Model saved (best loss 43.4219 at epoch 2)
2023-10-26 22:00:05 ==> ------------------Epoch: 4------------------
2023-10-26 23:05:15 ==> Epoch 4 Train Loss: 21.71503759949701
2023-10-26 23:12:30 ==> Epoch 4 Val Loss: 29.985088342800736 Learning Rate: 6.553600000000004e-06
2023-10-26 23:12:31 ==> Epoch 4 Best Model Saved
2023-10-26 23:12:31 ==> Last Model saved (best loss 29.9851 at epoch 4)